TN:
SF:contracts\MetaOracle.sol
DA:7,1
DA:29,1
DA:11,0
DA:15,0
LH:2
LF:4
end_of_record
SF:contracts\MetaERC20.sol
DA:8,1
DA:12,1
DA:16,1
LH:3
LF:3
end_of_record
SF:contracts\MetaNFTAuction.sol
DA:39,1
DA:40,1
DA:42,1
DA:43,1
DA:44,1
DA:48,1
DA:49,1
DA:52,1
DA:54,1
DA:55,1
DA:58,1
DA:66,1
DA:67,1
DA:68,1
DA:69,1
DA:70,1
DA:71,1
DA:72,1
DA:73,1
DA:74,1
DA:75,1
DA:76,1
DA:77,1
DA:78,1
DA:79,1
DA:80,1
DA:81,1
DA:82,1
DA:83,1
DA:84,1
DA:87,1
DA:89,1
DA:90,1
DA:91,1
DA:92,1
DA:93,1
DA:94,1
DA:95,1
DA:96,1
DA:97,1
DA:99,1
DA:100,1
DA:101,1
DA:102,1
DA:103,1
DA:105,1
DA:106,1
DA:107,1
DA:108,1
DA:109,1
DA:110,1
DA:111,1
DA:113,1
DA:117,1
DA:118,1
DA:119,1
DA:121,1
DA:122,1
DA:124,1
DA:125,1
DA:126,1
DA:129,1
DA:131,1
DA:132,1
DA:135,1
DA:137,1
DA:138,1
DA:139,1
DA:141,1
DA:143,1
DA:144,1
DA:145,1
DA:147,1
DA:150,1
DA:153,1
DA:155,1
DA:156,1
DA:157,1
DA:158,1
DA:159,1
DA:161,1
DA:162,1
DA:164,1
DA:166,1
DA:168,1
DA:169,1
DA:172,1
DA:178,1
DA:179,1
DA:180,1
DA:183,1
DA:185,1
LH:92
LF:92
end_of_record
SF:contracts\MetaNFT.sol
DA:10,1
LH:1
LF:1
end_of_record
SF:contracts\MetaNFTAuctionV2.sol
DA:8,1
DA:12,1
LH:2
LF:2
end_of_record
